Using pre-set license
Built from '2020.3/staging' branch; Version is '2020.3.16f1 (049d6eca3c44) revision 302446'; Using compiler version '192528614'; Build Type 'Release'
OS: 'Windows 10 Pro; OS build 19044.2251; Version 2009; 64bit' Language: 'pt' Physical Memory: 16263 MB
BatchMode: 1, IsHumanControllingUs: 0, StartBugReporterOnCrash: 0, Is64bit: 1, IsPro: 0

 COMMAND LINE ARGUMENTS:
C:\Unity\2020.3.16f1\Editor\Unity.exe
-adb2
-batchMode
-noUpm
-name
AssetImportWorker1
-projectPath
C:/Users/LabJogos/Desktop/Maracaja
-logFile
Logs/AssetImportWorker1.log
-srvPort
53575
Successfully changed project path to: C:/Users/LabJogos/Desktop/Maracaja
C:/Users/LabJogos/Desktop/Maracaja
Using Asset Import Pipeline V2.
Refreshing native plugins compatible for Editor in 83.54 ms, found 5 plugins.
Preloading 0 native plugins for Editor in 0.00 ms.
Initialize engine version: 2020.3.16f1 (049d6eca3c44)
[Subsystems] Discovering subsystems at path C:/Unity/2020.3.16f1/Editor/Data/Resources/UnitySubsystems
[Subsystems] Discovering subsystems at path C:/Users/LabJogos/Desktop/Maracaja/Assets
GfxDevice: creating device client; threaded=0
Direct3D:
    Version:  Direct3D 11.0 [level 11.1]
    Renderer: NVIDIA GeForce GTX 1050 Ti (ID=0x1c82)
    Vendor:   
    VRAM:     4018 MB
    Driver:   27.21.14.5751
Shader 'Universal Render Pipeline/Particles/Lit': fallback shader 'Universal Render Pipeline/Particles/SimpleLit' not found
Initialize mono
Mono path[0] = 'C:/Unity/2020.3.16f1/Editor/Data/Managed'
Mono path[1] = 'C:/Unity/2020.3.16f1/Editor/Data/MonoBleedingEdge/lib/mono/unityjit'
Mono config path = 'C:/Unity/2020.3.16f1/Editor/Data/MonoBleedingEdge/etc'
Using monoOptions --debugger-agent=transport=dt_socket,embedding=1,server=y,suspend=n,address=127.0.0.1:56592
Begin MonoManager ReloadAssembly
Registering precompiled unity dll's ...
Register platform support module: C:/Unity/2020.3.16f1/Editor/Data/PlaybackEngines/WebGLSupport/UnityEditor.WebGL.Extensions.dll
Register platform support module: C:/Unity/2020.3.16f1/Editor/Data/PlaybackEngines/WindowsStandaloneSupport/UnityEditor.WindowsStandalone.Extensions.dll
Register platform support module: C:/Unity/2020.3.16f1/Editor/Data/PlaybackEngines/LinuxStandaloneSupport/UnityEditor.LinuxStandalone.Extensions.dll
Registered in 0.002364 seconds.
Native extension for LinuxStandalone target not found
Native extension for WindowsStandalone target not found
Native extension for WebGL target not found
Refreshing native plugins compatible for Editor in 66.48 ms, found 5 plugins.
Preloading 0 native plugins for Editor in 0.00 ms.
Mono: successfully reloaded assembly
- Completed reload, in  2.126 seconds
Domain Reload Profiling:
	ReloadAssembly (2126ms)
		BeginReloadAssembly (46ms)
			ExecutionOrderSort (0ms)
			DisableScriptedObjects (0ms)
			BackupInstance (0ms)
			ReleaseScriptingObjects (0ms)
			CreateAndSetChildDomain (1ms)
		EndReloadAssembly (511ms)
			LoadAssemblies (44ms)
			RebuildTransferFunctionScriptingTraits (0ms)
			SetupTypeCache (243ms)
			ReleaseScriptCaches (0ms)
			RebuildScriptCaches (27ms)
			SetupLoadedEditorAssemblies (178ms)
				LogAssemblyErrors (0ms)
				InitializePlatformSupportModulesInManaged (5ms)
				SetLoadedEditorAssemblies (0ms)
				RefreshPlugins (67ms)
				BeforeProcessingInitializeOnLoad (11ms)
				ProcessInitializeOnLoadAttributes (68ms)
				ProcessInitializeOnLoadMethodAttributes (27ms)
				AfterProcessingInitializeOnLoad (0ms)
				EditorAssembliesLoaded (0ms)
			ExecutionOrderSort2 (0ms)
			AwakeInstancesAfterBackupRestoration (0ms)
Platform modules already initialized, skipping
Registering precompiled user dll's ...
Registered in 0.006140 seconds.
Begin MonoManager ReloadAssembly
Native extension for LinuxStandalone target not found
Native extension for WindowsStandalone target not found
Native extension for WebGL target not found
Refreshing native plugins compatible for Editor in 67.67 ms, found 5 plugins.
Preloading 0 native plugins for Editor in 0.00 ms.
Mono: successfully reloaded assembly
- Completed reload, in  1.148 seconds
Domain Reload Profiling:
	ReloadAssembly (1149ms)
		BeginReloadAssembly (123ms)
			ExecutionOrderSort (0ms)
			DisableScriptedObjects (4ms)
			BackupInstance (0ms)
			ReleaseScriptingObjects (0ms)
			CreateAndSetChildDomain (16ms)
		EndReloadAssembly (972ms)
			LoadAssemblies (85ms)
			RebuildTransferFunctionScriptingTraits (0ms)
			SetupTypeCache (294ms)
			ReleaseScriptCaches (1ms)
			RebuildScriptCaches (53ms)
			SetupLoadedEditorAssemblies (427ms)
				LogAssemblyErrors (0ms)
				InitializePlatformSupportModulesInManaged (5ms)
				SetLoadedEditorAssemblies (0ms)
				RefreshPlugins (68ms)
				BeforeProcessingInitializeOnLoad (93ms)
				ProcessInitializeOnLoadAttributes (240ms)
				ProcessInitializeOnLoadMethodAttributes (16ms)
				AfterProcessingInitializeOnLoad (5ms)
				EditorAssembliesLoaded (0ms)
			ExecutionOrderSort2 (0ms)
			AwakeInstancesAfterBackupRestoration (5ms)
Platform modules already initialized, skipping
========================================================================
Worker process is ready to serve import requests
Shader 'Universal Render Pipeline/Particles/Lit': fallback shader 'Universal Render Pipeline/Particles/SimpleLit' not found
Launched and connected shader compiler UnityShaderCompiler.exe after 0.06 seconds
Refreshing native plugins compatible for Editor in 1.03 ms, found 5 plugins.
Preloading 0 native plugins for Editor in 0.00 ms.
Unloading 3880 Unused Serialized files (Serialized files now loaded: 0)
System memory in use before: 166.8 MB.
System memory in use after: 167.0 MB.

Unloading 81 unused Assets to reduce memory usage. Loaded Objects now: 4265.
Total: 3.262100 ms (FindLiveObjects: 0.313700 ms CreateObjectMapping: 0.170500 ms MarkObjects: 2.686900 ms  DeleteObjects: 0.089700 ms)

AssetImportParameters requested are different than current active one (requested -> active):
  custom:framework-win-MediaFoundation: 216162199b28c13a410421893ffa2e32 -> 
  custom:video-decoder-ogg-theora: a1e56fd34408186e4bbccfd4996cb3dc -> 
  custom:container-muxer-webm: aa71ff27fc2769a1b78a27578f13a17b -> 
  custom:container-demuxer-webm: 4f35f7cbe854078d1ac9338744f61a02 -> 
  custom:container-demuxer-ogg: 62fdf1f143b41e24485cea50d1cbac27 -> 
  custom:video-encoder-webm-vp8: eb34c28f22e8b96e1ab97ce403110664 -> 
  custom:video-decoder-webm-vp8: 9c59270c3fd7afecdb556c50c9e8de78 -> 
  custom:audio-decoder-ogg-vorbis: bf7c407c2cedff20999df2af8eb42d56 -> 
  custom:audio-encoder-webm-vorbis: bf7c407c2cedff20999df2af8eb42d56 -> 
========================================================================
Received Import Request.
  path: Assets/Prefabs
  artifactKey: Guid(f612235fb0f579e49bbc934060354cce) Importer(815301076,1909f56bfc062723c751e8b465ee728b)
Start importing Assets/Prefabs using Guid(f612235fb0f579e49bbc934060354cce) Importer(815301076,1909f56bfc062723c751e8b465ee728b)  -> (artifact id: 'a0a30cdeb9a3422153e17f020c0f864f') in 0.008994 seconds 
  Import took 0.014210 seconds .

========================================================================
Received Import Request.
  Time since last request: 0.048381 seconds.
  path: Assets/Prefabs/Placa.prefab
  artifactKey: Guid(9614bf64062f00e4aa4df9e5af89b062) Importer(815301076,1909f56bfc062723c751e8b465ee728b)
Start importing Assets/Prefabs/Placa.prefab using Guid(9614bf64062f00e4aa4df9e5af89b062) Importer(815301076,1909f56bfc062723c751e8b465ee728b)  -> (artifact id: '27a94f97875e3797e8fe192d2b8f896a') in 0.194905 seconds 
  Import took 0.200325 seconds .

========================================================================
Received Import Request.
  Time since last request: 0.000228 seconds.
  path: Assets/Prefabs/VitoriaRegia.prefab
  artifactKey: Guid(7e0e042c1ab6979458b26a73f59253bf) Importer(815301076,1909f56bfc062723c751e8b465ee728b)
Start importing Assets/Prefabs/VitoriaRegia.prefab using Guid(7e0e042c1ab6979458b26a73f59253bf) Importer(815301076,1909f56bfc062723c751e8b465ee728b)  -> (artifact id: 'c49018c1d600c53e2102110025886d4c') in 0.018177 seconds 
  Import took 0.023315 seconds .

========================================================================
Received Import Request.
  Time since last request: 0.006051 seconds.
  path: Assets/Prefabs/VitoriaRegia.prefab
  artifactKey: Guid(7e0e042c1ab6979458b26a73f59253bf) Importer(815301076,1909f56bfc062723c751e8b465ee728b)
Start importing Assets/Prefabs/VitoriaRegia.prefab using Guid(7e0e042c1ab6979458b26a73f59253bf) Importer(815301076,1909f56bfc062723c751e8b465ee728b)  -> (artifact id: 'c49018c1d600c53e2102110025886d4c') in 0.008867 seconds 
  Import took 0.014416 seconds .

========================================================================
Received Import Request.
  Time since last request: 10.385529 seconds.
  path: Assets/Materials/Arvore.physicsMaterial2D
  artifactKey: Guid(e13fd3a7d0610b34488585dbe36e2ce0) Importer(815301076,1909f56bfc062723c751e8b465ee728b)
Start importing Assets/Materials/Arvore.physicsMaterial2D using Guid(e13fd3a7d0610b34488585dbe36e2ce0) Importer(815301076,1909f56bfc062723c751e8b465ee728b)  -> (artifact id: '1959a0ee7df2667a7a5bba686c5f57c9') in 0.010146 seconds 
  Import took 0.015399 seconds .

========================================================================
Received Import Request.
  Time since last request: 0.000241 seconds.
  path: Assets/Sprites/Map_Atualizado/arvoreCorrigida.png
  artifactKey: Guid(f8d7493d87d470e44aa54c4ecdc1aa72) Importer(815301076,1909f56bfc062723c751e8b465ee728b)
Start importing Assets/Sprites/Map_Atualizado/arvoreCorrigida.png using Guid(f8d7493d87d470e44aa54c4ecdc1aa72) Importer(815301076,1909f56bfc062723c751e8b465ee728b)  -> (artifact id: '0ee0adf68ae148b0af634fb8301b78bc') in 0.066512 seconds 
  Import took 0.072262 seconds .

========================================================================
Received Import Request.
  Time since last request: 0.000253 seconds.
  path: Assets/Sprites/Map_Atualizado/Pallete/Map_Novo_Chao.prefab
  artifactKey: Guid(eea7751802a196149a98b9612210881e) Importer(815301076,1909f56bfc062723c751e8b465ee728b)
Start importing Assets/Sprites/Map_Atualizado/Pallete/Map_Novo_Chao.prefab using Guid(eea7751802a196149a98b9612210881e) Importer(815301076,1909f56bfc062723c751e8b465ee728b)  -> (artifact id: 'eb5959aaa2d7a5b5e5bf7b59f28c792d') in 0.063144 seconds 
  Import took 0.069245 seconds .

========================================================================
Received Import Request.
  Time since last request: 0.000223 seconds.
  path: Assets/Shader/UniversalRenderPipelineAsset_Renderer.asset
  artifactKey: Guid(14775e87a425fee4b8ca84ea0e0d8a78) Importer(815301076,1909f56bfc062723c751e8b465ee728b)
Start importing Assets/Shader/UniversalRenderPipelineAsset_Renderer.asset using Guid(14775e87a425fee4b8ca84ea0e0d8a78) Importer(815301076,1909f56bfc062723c751e8b465ee728b)  -> (artifact id: 'b73ae45812be058219aff2758f7d6585') in 0.009036 seconds 
  Import took 0.014174 seconds .

========================================================================
Received Import Request.
  Time since last request: 0.000249 seconds.
  path: Assets/Sprites/Plantas/pauCravo.png
  artifactKey: Guid(2386575d18063044cb487286b34dd316) Importer(815301076,1909f56bfc062723c751e8b465ee728b)
Start importing Assets/Sprites/Plantas/pauCravo.png using Guid(2386575d18063044cb487286b34dd316) Importer(815301076,1909f56bfc062723c751e8b465ee728b)  -> (artifact id: 'f835fb5aeb741ccce743eb10189ea146') in 0.012655 seconds 
  Import took 0.017955 seconds .

========================================================================
Received Import Request.
  Time since last request: 0.000265 seconds.
  path: Assets/Sprites/Map_Atualizado - Copia/arvore.png
  artifactKey: Guid(65bc4d6e235aef742a869f38bbcb5f42) Importer(815301076,1909f56bfc062723c751e8b465ee728b)
Start importing Assets/Sprites/Map_Atualizado - Copia/arvore.png using Guid(65bc4d6e235aef742a869f38bbcb5f42) Importer(815301076,1909f56bfc062723c751e8b465ee728b)  -> (artifact id: 'f7249fd55e3c43f1150b10d4e1a03a21') in 0.016630 seconds 
  Import took 0.021657 seconds .

========================================================================
Received Import Request.
  Time since last request: 0.000260 seconds.
  path: Assets/Plugins/FMOD/images/Preview.png
  artifactKey: Guid(0793eda432fc5df4ab1291e6baacd771) Importer(815301076,1909f56bfc062723c751e8b465ee728b)
Start importing Assets/Plugins/FMOD/images/Preview.png using Guid(0793eda432fc5df4ab1291e6baacd771) Importer(815301076,1909f56bfc062723c751e8b465ee728b)  -> (artifact id: '7d3e491a41fb9bbff0a3fdb1da81fe1f') in 0.013614 seconds 
  Import took 0.018704 seconds .

========================================================================
Received Import Request.
  Time since last request: 0.000275 seconds.
  path: Assets/Plugins/FMOD/images/PreviewEmitter.png
  artifactKey: Guid(9519043db3741934fa01455c47683e8c) Importer(815301076,1909f56bfc062723c751e8b465ee728b)
Start importing Assets/Plugins/FMOD/images/PreviewEmitter.png using Guid(9519043db3741934fa01455c47683e8c) Importer(815301076,1909f56bfc062723c751e8b465ee728b)  -> (artifact id: 'd0026b8ab94df3d8e14406b60f5b42f5') in 0.012519 seconds 
  Import took 0.017491 seconds .

========================================================================
Received Import Request.
  Time since last request: 0.000255 seconds.
  path: Assets/Sprites/Map_Prototipo/vitoriaregia.png
  artifactKey: Guid(10752688e43e1c54db750b33128007b9) Importer(815301076,1909f56bfc062723c751e8b465ee728b)
Start importing Assets/Sprites/Map_Prototipo/vitoriaregia.png using Guid(10752688e43e1c54db750b33128007b9) Importer(815301076,1909f56bfc062723c751e8b465ee728b)  -> (artifact id: '832aa675fc439c9d74c39db2ae7efbde') in 0.020231 seconds 
  Import took 0.025089 seconds .

========================================================================
Received Import Request.
  Time since last request: 0.000227 seconds.
  path: Assets/Plugins/FMOD/Cache/Editor/FMODStudioCache.asset
  artifactKey: Guid(b7ff667dfcb772e4aa9c192787de0d73) Importer(815301076,1909f56bfc062723c751e8b465ee728b)
Start importing Assets/Plugins/FMOD/Cache/Editor/FMODStudioCache.asset using Guid(b7ff667dfcb772e4aa9c192787de0d73) Importer(815301076,1909f56bfc062723c751e8b465ee728b)  -> (artifact id: 'd967ab999e4524f1abd57bff3be2b0bb') in 0.008745 seconds 
  Import took 0.013887 seconds .

========================================================================
Received Import Request.
  Time since last request: 0.000250 seconds.
  path: Assets/Plugins/FMOD/images/EventIcon.png
  artifactKey: Guid(a602f206f9cb31f439c79a2fe23687c5) Importer(815301076,1909f56bfc062723c751e8b465ee728b)
Start importing Assets/Plugins/FMOD/images/EventIcon.png using Guid(a602f206f9cb31f439c79a2fe23687c5) Importer(815301076,1909f56bfc062723c751e8b465ee728b)  -> (artifact id: '7c40928db0b5f2b050ca902682d9d67d') in 0.008931 seconds 
  Import took 0.014041 seconds .

========================================================================
Received Import Request.
  Time since last request: 0.000238 seconds.
  path: Assets/Plugins/FMOD/images/LevelMeterOff.png
  artifactKey: Guid(48dc5470d93f669419f294fcd33f7b7c) Importer(815301076,1909f56bfc062723c751e8b465ee728b)
Start importing Assets/Plugins/FMOD/images/LevelMeterOff.png using Guid(48dc5470d93f669419f294fcd33f7b7c) Importer(815301076,1909f56bfc062723c751e8b465ee728b)  -> (artifact id: 'de219ea8639c4b6a938e2b93cef17d5b') in 0.013554 seconds 
  Import took 0.018703 seconds .

========================================================================
Received Import Request.
  Time since last request: 0.000266 seconds.
  path: Assets/Sprites/Map_Atualizado - Copia/Pallete/Map_Novo_Chao.prefab
  artifactKey: Guid(eb261562a013cb142ba8bd8ff9cbd1b1) Importer(815301076,1909f56bfc062723c751e8b465ee728b)
Start importing Assets/Sprites/Map_Atualizado - Copia/Pallete/Map_Novo_Chao.prefab using Guid(eb261562a013cb142ba8bd8ff9cbd1b1) Importer(815301076,1909f56bfc062723c751e8b465ee728b)  -> (artifact id: 'e082417fd3939d3161729938363401ae') in 0.021342 seconds 
  Import took 0.027412 seconds .

========================================================================
Received Import Request.
  Time since last request: 0.000285 seconds.
  path: Assets/Shader/UniversalRenderPipelineAsset.asset
  artifactKey: Guid(4a8ae582d84c8e94c93edc504099e666) Importer(815301076,1909f56bfc062723c751e8b465ee728b)
Start importing Assets/Shader/UniversalRenderPipelineAsset.asset using Guid(4a8ae582d84c8e94c93edc504099e666) Importer(815301076,1909f56bfc062723c751e8b465ee728b)  -> (artifact id: '26cf95d9b12fd50850e7b634cd67a86a') in 0.006615 seconds 
  Import took 0.012045 seconds .

========================================================================
Received Import Request.
  Time since last request: 0.000237 seconds.
  path: Assets/Sprites/Map_Atualizado/PalleteAssets/arvore.asset
  artifactKey: Guid(8cd4b2e754dabd042b3338bff2d7cc37) Importer(815301076,1909f56bfc062723c751e8b465ee728b)
Start importing Assets/Sprites/Map_Atualizado/PalleteAssets/arvore.asset using Guid(8cd4b2e754dabd042b3338bff2d7cc37) Importer(815301076,1909f56bfc062723c751e8b465ee728b)  -> (artifact id: 'c0f892b50126497a01db2b1a13389f33') in 0.005205 seconds 
  Import took 0.010312 seconds .

========================================================================
Received Import Request.
  Time since last request: 0.000197 seconds.
  path: Assets/Plugins/FMOD/images/LevelMeter.png
  artifactKey: Guid(21e7a3d41a926364a8b9a6704ebe80d8) Importer(815301076,1909f56bfc062723c751e8b465ee728b)
Start importing Assets/Plugins/FMOD/images/LevelMeter.png using Guid(21e7a3d41a926364a8b9a6704ebe80d8) Importer(815301076,1909f56bfc062723c751e8b465ee728b)  -> (artifact id: 'b36e730c668b9cfd295840586c2eb4ce') in 0.011934 seconds 
  Import took 0.017031 seconds .

========================================================================
Received Import Request.
  Time since last request: 0.000245 seconds.
  path: Assets/Sprites/Map_Atualizado/arvore.png
  artifactKey: Guid(a42eb7113894eb245ba444c34b2fb3ab) Importer(815301076,1909f56bfc062723c751e8b465ee728b)
Start importing Assets/Sprites/Map_Atualizado/arvore.png using Guid(a42eb7113894eb245ba444c34b2fb3ab) Importer(815301076,1909f56bfc062723c751e8b465ee728b)  -> (artifact id: '408bcc953e6c667b2599587d02d9a777') in 0.014853 seconds 
  Import took 0.019902 seconds .

========================================================================
Received Import Request.
  Time since last request: 0.000287 seconds.
  path: Assets/Sprites/Plantas/cravo do maranhao.png
  artifactKey: Guid(df92a8ae518b52244aaafa633a4e39f9) Importer(815301076,1909f56bfc062723c751e8b465ee728b)
Start importing Assets/Sprites/Plantas/cravo do maranhao.png using Guid(df92a8ae518b52244aaafa633a4e39f9) Importer(815301076,1909f56bfc062723c751e8b465ee728b)  -> (artifact id: 'efdf595537ca63fe25e67162e746cef1') in 0.012016 seconds 
  Import took 0.017357 seconds .

========================================================================
Received Import Request.
  Time since last request: 0.000203 seconds.
  path: Assets/Sprites/Map_Atualizado - Copia/PalleteAssets/arvore.asset
  artifactKey: Guid(66bf1c23e68ef194bb3197bcef88a257) Importer(815301076,1909f56bfc062723c751e8b465ee728b)
Start importing Assets/Sprites/Map_Atualizado - Copia/PalleteAssets/arvore.asset using Guid(66bf1c23e68ef194bb3197bcef88a257) Importer(815301076,1909f56bfc062723c751e8b465ee728b)  -> (artifact id: 'f313f17a1acb5a54b619953dbdcbe80a') in 0.004446 seconds 
  Import took 0.009510 seconds .

========================================================================
Received Import Request.
  Time since last request: 2.592617 seconds.
  path: Assets/Scripts/General/vitoriaRegia.cs
  artifactKey: Guid(b806e7dc7b67b4b4e8bec9916d57e0ca) Importer(815301076,1909f56bfc062723c751e8b465ee728b)
Start importing Assets/Scripts/General/vitoriaRegia.cs using Guid(b806e7dc7b67b4b4e8bec9916d57e0ca) Importer(815301076,1909f56bfc062723c751e8b465ee728b)  -> (artifact id: '352d18d872ea2a598e2b1d8b91cf45a1') in 0.009479 seconds 
  Import took 0.014815 seconds .

========================================================================
Received Prepare
Registering precompiled user dll's ...
Registered in 0.005792 seconds.
Begin MonoManager ReloadAssembly
Native extension for LinuxStandalone target not found
Native extension for WindowsStandalone target not found
Native extension for WebGL target not found
Refreshing native plugins compatible for Editor in 1.06 ms, found 5 plugins.
Preloading 0 native plugins for Editor in 0.00 ms.
Mono: successfully reloaded assembly
- Completed reload, in  1.016 seconds
Domain Reload Profiling:
	ReloadAssembly (1017ms)
		BeginReloadAssembly (124ms)
			ExecutionOrderSort (0ms)
			DisableScriptedObjects (7ms)
			BackupInstance (0ms)
			ReleaseScriptingObjects (0ms)
			CreateAndSetChildDomain (38ms)
		EndReloadAssembly (838ms)
			LoadAssemblies (83ms)
			RebuildTransferFunctionScriptingTraits (0ms)
			SetupTypeCache (293ms)
			ReleaseScriptCaches (1ms)
			RebuildScriptCaches (44ms)
			SetupLoadedEditorAssemblies (285ms)
				LogAssemblyErrors (0ms)
				InitializePlatformSupportModulesInManaged (5ms)
				SetLoadedEditorAssemblies (0ms)
				RefreshPlugins (1ms)
				BeforeProcessingInitializeOnLoad (96ms)
				ProcessInitializeOnLoadAttributes (166ms)
				ProcessInitializeOnLoadMethodAttributes (10ms)
				AfterProcessingInitializeOnLoad (5ms)
				EditorAssembliesLoaded (0ms)
			ExecutionOrderSort2 (0ms)
			AwakeInstancesAfterBackupRestoration (16ms)
Platform modules already initialized, skipping
Shader 'Universal Render Pipeline/Particles/Lit': fallback shader 'Universal Render Pipeline/Particles/SimpleLit' not found
Refreshing native plugins compatible for Editor in 1.06 ms, found 5 plugins.
Preloading 0 native plugins for Editor in 0.00 ms.
Unloading 3735 Unused Serialized files (Serialized files now loaded: 0)
System memory in use before: 161.3 MB.
System memory in use after: 161.5 MB.

Unloading 73 unused Assets to reduce memory usage. Loaded Objects now: 4323.
Total: 3.672300 ms (FindLiveObjects: 0.294300 ms CreateObjectMapping: 0.155300 ms MarkObjects: 2.919100 ms  DeleteObjects: 0.302700 ms)

AssetImportParameters requested are different than current active one (requested -> active):
  custom:framework-win-MediaFoundation: 216162199b28c13a410421893ffa2e32 -> 
  custom:video-decoder-ogg-theora: a1e56fd34408186e4bbccfd4996cb3dc -> 
  custom:container-muxer-webm: aa71ff27fc2769a1b78a27578f13a17b -> 
  custom:container-demuxer-webm: 4f35f7cbe854078d1ac9338744f61a02 -> 
  custom:container-demuxer-ogg: 62fdf1f143b41e24485cea50d1cbac27 -> 
  custom:video-encoder-webm-vp8: eb34c28f22e8b96e1ab97ce403110664 -> 
  custom:video-decoder-webm-vp8: 9c59270c3fd7afecdb556c50c9e8de78 -> 
  custom:audio-decoder-ogg-vorbis: bf7c407c2cedff20999df2af8eb42d56 -> 
  custom:audio-encoder-webm-vorbis: bf7c407c2cedff20999df2af8eb42d56 -> 
========================================================================
Received Import Request.
  Time since last request: 35.299355 seconds.
  path: Assets/Scripts/General/vitoriaRegia.cs
  artifactKey: Guid(b806e7dc7b67b4b4e8bec9916d57e0ca) Importer(815301076,1909f56bfc062723c751e8b465ee728b)
Start importing Assets/Scripts/General/vitoriaRegia.cs using Guid(b806e7dc7b67b4b4e8bec9916d57e0ca) Importer(815301076,1909f56bfc062723c751e8b465ee728b)  -> (artifact id: 'e76a34d15eea8507bc91a7e53fb39b69') in 0.005405 seconds 
  Import took 0.010243 seconds .

========================================================================
Received Import Request.
  Time since last request: 261.600201 seconds.
  path: Assets/Sprites/Animals/ararajuba.png
  artifactKey: Guid(2c7d8975ece9ed74c8c29b280811d9eb) Importer(815301076,1909f56bfc062723c751e8b465ee728b)
Start importing Assets/Sprites/Animals/ararajuba.png using Guid(2c7d8975ece9ed74c8c29b280811d9eb) Importer(815301076,1909f56bfc062723c751e8b465ee728b)  -> (artifact id: '87a5d205869f12460dab39309e3a4a9b') in 0.048687 seconds 
  Import took 0.053958 seconds .

========================================================================
Received Import Request.
  Time since last request: 0.000260 seconds.
  path: Assets/Sprites/Animals/tamandua.png
  artifactKey: Guid(9b236e547e9c43a49bbc4c9cf36de8a7) Importer(815301076,1909f56bfc062723c751e8b465ee728b)
Start importing Assets/Sprites/Animals/tamandua.png using Guid(9b236e547e9c43a49bbc4c9cf36de8a7) Importer(815301076,1909f56bfc062723c751e8b465ee728b)  -> (artifact id: 'e10efd6d5ac17e72c42bff29fdfd7747') in 0.021782 seconds 
  Import took 0.026627 seconds .

========================================================================
Received Import Request.
  Time since last request: 0.000230 seconds.
  path: Assets/Sprites/Animals/oncaFoto.png
  artifactKey: Guid(ead57385876c7824e9b78821d51fdf18) Importer(815301076,1909f56bfc062723c751e8b465ee728b)
Start importing Assets/Sprites/Animals/oncaFoto.png using Guid(ead57385876c7824e9b78821d51fdf18) Importer(815301076,1909f56bfc062723c751e8b465ee728b)  -> (artifact id: '644c969d90de9cb9b46bfbb7988bf7ef') in 0.020813 seconds 
  Import took 0.025561 seconds .

========================================================================
Received Import Request.
  Time since last request: 0.000229 seconds.
  path: Assets/Sprites/Animals/macaco.png
  artifactKey: Guid(e73cff882c766b043801e04998994980) Importer(815301076,1909f56bfc062723c751e8b465ee728b)
Start importing Assets/Sprites/Animals/macaco.png using Guid(e73cff882c766b043801e04998994980) Importer(815301076,1909f56bfc062723c751e8b465ee728b)  -> (artifact id: '2c55ebedb56bde5959f0041f57187f09') in 0.018087 seconds 
  Import took 0.023076 seconds .

========================================================================
Received Import Request.
  Time since last request: 0.000258 seconds.
  path: Assets/Sprites/Animals/macacoFoto.png
  artifactKey: Guid(3bf2626ea42e45e46a7fa80b33e0be1d) Importer(815301076,1909f56bfc062723c751e8b465ee728b)
Start importing Assets/Sprites/Animals/macacoFoto.png using Guid(3bf2626ea42e45e46a7fa80b33e0be1d) Importer(815301076,1909f56bfc062723c751e8b465ee728b)  -> (artifact id: '82876d8433b035b80a5b0c14e5cd0a9b') in 0.018863 seconds 
  Import took 0.023700 seconds .

========================================================================
Received Import Request.
  Time since last request: 0.000254 seconds.
  path: Assets/Sprites/Animals/onca.png
  artifactKey: Guid(e7888720698780849946f0006ea04b35) Importer(815301076,1909f56bfc062723c751e8b465ee728b)
Start importing Assets/Sprites/Animals/onca.png using Guid(e7888720698780849946f0006ea04b35) Importer(815301076,1909f56bfc062723c751e8b465ee728b)  -> (artifact id: '5f37ebd06817be70d9e0240e7a7f2525') in 0.024394 seconds 
  Import took 0.029340 seconds .

========================================================================
Received Import Request.
  Time since last request: 0.000257 seconds.
  path: Assets/Sprites/Animals/tamanduaFoto.png
  artifactKey: Guid(876297aed1f528b4eb23dc536548a867) Importer(815301076,1909f56bfc062723c751e8b465ee728b)
Start importing Assets/Sprites/Animals/tamanduaFoto.png using Guid(876297aed1f528b4eb23dc536548a867) Importer(815301076,1909f56bfc062723c751e8b465ee728b)  -> (artifact id: '12915b81561d7a72a47d543c6a42dd04') in 0.020822 seconds 
  Import took 0.025748 seconds .

========================================================================
Received Import Request.
  Time since last request: 0.000270 seconds.
  path: Assets/Sprites/Animals/ararajubaFoto.png
  artifactKey: Guid(48f034a283de3d546885655216cef84c) Importer(815301076,1909f56bfc062723c751e8b465ee728b)
Start importing Assets/Sprites/Animals/ararajubaFoto.png using Guid(48f034a283de3d546885655216cef84c) Importer(815301076,1909f56bfc062723c751e8b465ee728b)  -> (artifact id: '6850b8a9c0099f1c17c6a4b145408757') in 0.024475 seconds 
  Import took 0.029192 seconds .

========================================================================
Received Import Request.
  Time since last request: 3.517678 seconds.
  path: Assets/Sprites/Plantas/Acanthaceae.png
  artifactKey: Guid(d0491905901507d4db1584098a977b74) Importer(815301076,1909f56bfc062723c751e8b465ee728b)
Start importing Assets/Sprites/Plantas/Acanthaceae.png using Guid(d0491905901507d4db1584098a977b74) Importer(815301076,1909f56bfc062723c751e8b465ee728b)  -> (artifact id: '1a2db2c5d5315f2dfbe966f6dacfd932') in 0.015140 seconds 
  Import took 0.020337 seconds .

========================================================================
Received Import Request.
  Time since last request: 0.000264 seconds.
  path: Assets/Sprites/Plantas/palmeira.png
  artifactKey: Guid(61c05d1045ec32a45b074c189ecb7a0d) Importer(815301076,1909f56bfc062723c751e8b465ee728b)
Start importing Assets/Sprites/Plantas/palmeira.png using Guid(61c05d1045ec32a45b074c189ecb7a0d) Importer(815301076,1909f56bfc062723c751e8b465ee728b)  -> (artifact id: '4391595bebcea896e400a926958adc14') in 0.014361 seconds 
  Import took 0.019400 seconds .

========================================================================
Received Import Request.
  Time since last request: 0.000252 seconds.
  path: Assets/Sprites/Plantas/pixil-frame-0 (3).png
  artifactKey: Guid(bcb0f7a7f974f8748b3953d2a15660a6) Importer(815301076,1909f56bfc062723c751e8b465ee728b)
Start importing Assets/Sprites/Plantas/pixil-frame-0 (3).png using Guid(bcb0f7a7f974f8748b3953d2a15660a6) Importer(815301076,1909f56bfc062723c751e8b465ee728b)  -> (artifact id: 'aaa8188da46cbc2033fdae9999564f22') in 0.014676 seconds 
  Import took 0.019863 seconds .

========================================================================
Received Import Request.
  Time since last request: 0.002070 seconds.
  path: Assets/Sprites/Plantas/pixil-frame-0 (3).png
  artifactKey: Guid(bcb0f7a7f974f8748b3953d2a15660a6) Importer(815301076,1909f56bfc062723c751e8b465ee728b)
Start importing Assets/Sprites/Plantas/pixil-frame-0 (3).png using Guid(bcb0f7a7f974f8748b3953d2a15660a6) Importer(815301076,1909f56bfc062723c751e8b465ee728b)  -> (artifact id: 'aaa8188da46cbc2033fdae9999564f22') in 0.008514 seconds 
  Import took 0.013806 seconds .

========================================================================
Received Import Request.
  Time since last request: 1.246041 seconds.
  path: Assets/Sprites/Plantas/vitoriaRegia/Idle/pixil-frame-0.png
  artifactKey: Guid(246ca644620dee648905033d5de9e11b) Importer(815301076,1909f56bfc062723c751e8b465ee728b)
Start importing Assets/Sprites/Plantas/vitoriaRegia/Idle/pixil-frame-0.png using Guid(246ca644620dee648905033d5de9e11b) Importer(815301076,1909f56bfc062723c751e8b465ee728b)  -> (artifact id: '7eaa7443593a7cc06ae7887bc3946cbc') in 0.014852 seconds 
  Import took 0.020123 seconds .

========================================================================
Received Import Request.
  Time since last request: 0.000276 seconds.
  path: Assets/Sprites/Plantas/vitoriaRegia/Idle/pixil-frame-9.png
  artifactKey: Guid(2686d61394b305b41a144ae265b3291e) Importer(815301076,1909f56bfc062723c751e8b465ee728b)
Start importing Assets/Sprites/Plantas/vitoriaRegia/Idle/pixil-frame-9.png using Guid(2686d61394b305b41a144ae265b3291e) Importer(815301076,1909f56bfc062723c751e8b465ee728b)  -> (artifact id: '7c7faa4536d9baf30dd4fbc214a51b36') in 0.011468 seconds 
  Import took 0.016668 seconds .

========================================================================
Received Import Request.
  Time since last request: 0.000249 seconds.
  path: Assets/Sprites/Plantas/vitoriaRegia/Idle/pixil-frame-8.png
  artifactKey: Guid(096277163baef67469aaf1ea8d2276dd) Importer(815301076,1909f56bfc062723c751e8b465ee728b)
Start importing Assets/Sprites/Plantas/vitoriaRegia/Idle/pixil-frame-8.png using Guid(096277163baef67469aaf1ea8d2276dd) Importer(815301076,1909f56bfc062723c751e8b465ee728b)  -> (artifact id: 'f8cde6db94d9639b437da9ac8ac687f8') in 0.012354 seconds 
  Import took 0.017673 seconds .

========================================================================
Received Import Request.
  Time since last request: 0.000263 seconds.
  path: Assets/Sprites/Plantas/vitoriaRegia/Idle/pixil-frame-3.png
  artifactKey: Guid(1147eb80ffcb49047a1144d0efb9cbe3) Importer(815301076,1909f56bfc062723c751e8b465ee728b)
Start importing Assets/Sprites/Plantas/vitoriaRegia/Idle/pixil-frame-3.png using Guid(1147eb80ffcb49047a1144d0efb9cbe3) Importer(815301076,1909f56bfc062723c751e8b465ee728b)  -> (artifact id: 'cddeb8a131cbf0ed3eb9c91876665c9f') in 0.011963 seconds 
  Import took 0.017350 seconds .

========================================================================
Received Import Request.
  Time since last request: 0.000234 seconds.
  path: Assets/Sprites/Plantas/vitoriaRegia/Idle/pixil-frame-1.png
  artifactKey: Guid(3e3f5424323c6ec429853c4108be7d6a) Importer(815301076,1909f56bfc062723c751e8b465ee728b)
Start importing Assets/Sprites/Plantas/vitoriaRegia/Idle/pixil-frame-1.png using Guid(3e3f5424323c6ec429853c4108be7d6a) Importer(815301076,1909f56bfc062723c751e8b465ee728b)  -> (artifact id: '2a11f2f628416a3a124277e5941f0d52') in 0.011888 seconds 
  Import took 0.017203 seconds .

========================================================================
Received Import Request.
  Time since last request: 0.000285 seconds.
  path: Assets/Sprites/Plantas/vitoriaRegia/Idle/pixil-frame-6.png
  artifactKey: Guid(7692535b4e8fb7243aa0574179f4fff3) Importer(815301076,1909f56bfc062723c751e8b465ee728b)
Start importing Assets/Sprites/Plantas/vitoriaRegia/Idle/pixil-frame-6.png using Guid(7692535b4e8fb7243aa0574179f4fff3) Importer(815301076,1909f56bfc062723c751e8b465ee728b)  -> (artifact id: '6b5412786fe2ca64015b33d700ff3ba2') in 0.012376 seconds 
  Import took 0.017451 seconds .

========================================================================
Received Import Request.
  Time since last request: 0.000271 seconds.
  path: Assets/Sprites/Plantas/vitoriaRegia/Idle/pixil-frame-4.png
  artifactKey: Guid(02bffc714edc69348ab7f4164e0089cc) Importer(815301076,1909f56bfc062723c751e8b465ee728b)
Start importing Assets/Sprites/Plantas/vitoriaRegia/Idle/pixil-frame-4.png using Guid(02bffc714edc69348ab7f4164e0089cc) Importer(815301076,1909f56bfc062723c751e8b465ee728b)  -> (artifact id: 'b79a367ff14df25ba58b86ef27fa92c4') in 0.012369 seconds 
  Import took 0.017533 seconds .

========================================================================
Received Import Request.
  Time since last request: 0.000244 seconds.
  path: Assets/Sprites/Plantas/vitoriaRegia/Idle/pixil-frame-7.png
  artifactKey: Guid(3bfc4a8a3fd2aa54288050d5a188a2e6) Importer(815301076,1909f56bfc062723c751e8b465ee728b)
Start importing Assets/Sprites/Plantas/vitoriaRegia/Idle/pixil-frame-7.png using Guid(3bfc4a8a3fd2aa54288050d5a188a2e6) Importer(815301076,1909f56bfc062723c751e8b465ee728b)  -> (artifact id: '232d68569b5c5cd0887b63cd0587a514') in 0.011846 seconds 
  Import took 0.017279 seconds .

========================================================================
Received Import Request.
  Time since last request: 0.000214 seconds.
  path: Assets/Sprites/Plantas/vitoriaRegia/Idle/pixil-frame-2.png
  artifactKey: Guid(de2e6882a597ff94da49522d966f92c7) Importer(815301076,1909f56bfc062723c751e8b465ee728b)
Start importing Assets/Sprites/Plantas/vitoriaRegia/Idle/pixil-frame-2.png using Guid(de2e6882a597ff94da49522d966f92c7) Importer(815301076,1909f56bfc062723c751e8b465ee728b)  -> (artifact id: '29b43414dc201a28ae73a39ec2e5abce') in 0.011907 seconds 
  Import took 0.017433 seconds .

========================================================================
Received Import Request.
  Time since last request: 0.000272 seconds.
  path: Assets/Sprites/Plantas/vitoriaRegia/Idle/pixil-frame-10.png
  artifactKey: Guid(6e3d7e1794e0c0843aaec57f5354ba97) Importer(815301076,1909f56bfc062723c751e8b465ee728b)
Start importing Assets/Sprites/Plantas/vitoriaRegia/Idle/pixil-frame-10.png using Guid(6e3d7e1794e0c0843aaec57f5354ba97) Importer(815301076,1909f56bfc062723c751e8b465ee728b)  -> (artifact id: '0adf9b34ab156bcc68bcb758b1084f0c') in 0.011962 seconds 
  Import took 0.017195 seconds .

========================================================================
Received Import Request.
  Time since last request: 0.000194 seconds.
  path: Assets/Sprites/Plantas/vitoriaRegia/Idle/pixil-frame-5.png
  artifactKey: Guid(30bcd14d60ed2484198581b0b1d60e19) Importer(815301076,1909f56bfc062723c751e8b465ee728b)
Start importing Assets/Sprites/Plantas/vitoriaRegia/Idle/pixil-frame-5.png using Guid(30bcd14d60ed2484198581b0b1d60e19) Importer(815301076,1909f56bfc062723c751e8b465ee728b)  -> (artifact id: '0b4a08f889789b600d6fbc49b73fcb99') in 0.011778 seconds 
  Import took 0.017229 seconds .

========================================================================
Received Prepare
Registering precompiled user dll's ...
Registered in 0.005937 seconds.
Begin MonoManager ReloadAssembly
Native extension for LinuxStandalone target not found
Native extension for WindowsStandalone target not found
Native extension for WebGL target not found
Refreshing native plugins compatible for Editor in 1.06 ms, found 5 plugins.
Preloading 0 native plugins for Editor in 0.00 ms.
Mono: successfully reloaded assembly
- Completed reload, in  1.010 seconds
Domain Reload Profiling:
	ReloadAssembly (1011ms)
		BeginReloadAssembly (112ms)
			ExecutionOrderSort (0ms)
			DisableScriptedObjects (5ms)
			BackupInstance (0ms)
			ReleaseScriptingObjects (0ms)
			CreateAndSetChildDomain (34ms)
		EndReloadAssembly (846ms)
			LoadAssemblies (84ms)
			RebuildTransferFunctionScriptingTraits (0ms)
			SetupTypeCache (298ms)
			ReleaseScriptCaches (1ms)
			RebuildScriptCaches (44ms)
			SetupLoadedEditorAssemblies (287ms)
				LogAssemblyErrors (0ms)
				InitializePlatformSupportModulesInManaged (5ms)
				SetLoadedEditorAssemblies (0ms)
				RefreshPlugins (1ms)
				BeforeProcessingInitializeOnLoad (98ms)
				ProcessInitializeOnLoadAttributes (167ms)
				ProcessInitializeOnLoadMethodAttributes (10ms)
				AfterProcessingInitializeOnLoad (5ms)
				EditorAssembliesLoaded (0ms)
			ExecutionOrderSort2 (0ms)
			AwakeInstancesAfterBackupRestoration (16ms)
Platform modules already initialized, skipping
Shader 'Universal Render Pipeline/Particles/Lit': fallback shader 'Universal Render Pipeline/Particles/SimpleLit' not found
Refreshing native plugins compatible for Editor in 1.12 ms, found 5 plugins.
Preloading 0 native plugins for Editor in 0.00 ms.
Unloading 3733 Unused Serialized files (Serialized files now loaded: 0)
System memory in use before: 161.7 MB.
System memory in use after: 161.9 MB.

Unloading 71 unused Assets to reduce memory usage. Loaded Objects now: 4340.
Total: 3.613100 ms (FindLiveObjects: 0.341000 ms CreateObjectMapping: 0.191500 ms MarkObjects: 2.997400 ms  DeleteObjects: 0.082200 ms)

AssetImportParameters requested are different than current active one (requested -> active):
  custom:framework-win-MediaFoundation: 216162199b28c13a410421893ffa2e32 -> 
  custom:video-decoder-ogg-theora: a1e56fd34408186e4bbccfd4996cb3dc -> 
  custom:container-muxer-webm: aa71ff27fc2769a1b78a27578f13a17b -> 
  custom:container-demuxer-webm: 4f35f7cbe854078d1ac9338744f61a02 -> 
  custom:container-demuxer-ogg: 62fdf1f143b41e24485cea50d1cbac27 -> 
  custom:video-encoder-webm-vp8: eb34c28f22e8b96e1ab97ce403110664 -> 
  custom:video-decoder-webm-vp8: 9c59270c3fd7afecdb556c50c9e8de78 -> 
  custom:audio-decoder-ogg-vorbis: bf7c407c2cedff20999df2af8eb42d56 -> 
  custom:audio-encoder-webm-vorbis: bf7c407c2cedff20999df2af8eb42d56 -> 
========================================================================
Received Prepare
Registering precompiled user dll's ...
Registered in 0.005847 seconds.
Begin MonoManager ReloadAssembly
Native extension for LinuxStandalone target not found
Native extension for WindowsStandalone target not found
Native extension for WebGL target not found
Refreshing native plugins compatible for Editor in 1.08 ms, found 5 plugins.
Preloading 0 native plugins for Editor in 0.00 ms.
Mono: successfully reloaded assembly
- Completed reload, in  1.012 seconds
Domain Reload Profiling:
	ReloadAssembly (1012ms)
		BeginReloadAssembly (117ms)
			ExecutionOrderSort (0ms)
			DisableScriptedObjects (5ms)
			BackupInstance (0ms)
			ReleaseScriptingObjects (0ms)
			CreateAndSetChildDomain (32ms)
		EndReloadAssembly (841ms)
			LoadAssemblies (92ms)
			RebuildTransferFunctionScriptingTraits (0ms)
			SetupTypeCache (284ms)
			ReleaseScriptCaches (1ms)
			RebuildScriptCaches (45ms)
			SetupLoadedEditorAssemblies (288ms)
				LogAssemblyErrors (0ms)
				InitializePlatformSupportModulesInManaged (6ms)
				SetLoadedEditorAssemblies (0ms)
				RefreshPlugins (1ms)
				BeforeProcessingInitializeOnLoad (98ms)
				ProcessInitializeOnLoadAttributes (167ms)
				ProcessInitializeOnLoadMethodAttributes (10ms)
				AfterProcessingInitializeOnLoad (5ms)
				EditorAssembliesLoaded (0ms)
			ExecutionOrderSort2 (0ms)
			AwakeInstancesAfterBackupRestoration (15ms)
Platform modules already initialized, skipping
Shader 'Universal Render Pipeline/Particles/Lit': fallback shader 'Universal Render Pipeline/Particles/SimpleLit' not found
Refreshing native plugins compatible for Editor in 1.07 ms, found 5 plugins.
Preloading 0 native plugins for Editor in 0.00 ms.
Unloading 3733 Unused Serialized files (Serialized files now loaded: 0)
System memory in use before: 161.7 MB.
System memory in use after: 161.9 MB.

Unloading 71 unused Assets to reduce memory usage. Loaded Objects now: 4343.
Total: 3.625700 ms (FindLiveObjects: 0.512300 ms CreateObjectMapping: 0.236900 ms MarkObjects: 2.798000 ms  DeleteObjects: 0.077200 ms)

AssetImportParameters requested are different than current active one (requested -> active):
  custom:framework-win-MediaFoundation: 216162199b28c13a410421893ffa2e32 -> 
  custom:video-decoder-ogg-theora: a1e56fd34408186e4bbccfd4996cb3dc -> 
  custom:container-muxer-webm: aa71ff27fc2769a1b78a27578f13a17b -> 
  custom:container-demuxer-webm: 4f35f7cbe854078d1ac9338744f61a02 -> 
  custom:container-demuxer-ogg: 62fdf1f143b41e24485cea50d1cbac27 -> 
  custom:video-encoder-webm-vp8: eb34c28f22e8b96e1ab97ce403110664 -> 
  custom:video-decoder-webm-vp8: 9c59270c3fd7afecdb556c50c9e8de78 -> 
  custom:audio-decoder-ogg-vorbis: bf7c407c2cedff20999df2af8eb42d56 -> 
  custom:audio-encoder-webm-vorbis: bf7c407c2cedff20999df2af8eb42d56 -> 
========================================================================
Received Import Request.
  Time since last request: 208.734289 seconds.
  path: Assets/Sprites/Plantas/vitoriaRegia/Idle/pixil-frame-9.png
  artifactKey: Guid(2686d61394b305b41a144ae265b3291e) Importer(815301076,1909f56bfc062723c751e8b465ee728b)
Start importing Assets/Sprites/Plantas/vitoriaRegia/Idle/pixil-frame-9.png using Guid(2686d61394b305b41a144ae265b3291e) Importer(815301076,1909f56bfc062723c751e8b465ee728b)  -> (artifact id: '3a444ec54134c6a962527440c477c72e') in 0.050122 seconds 
  Import took 0.055239 seconds .

========================================================================
Received Import Request.
  Time since last request: 0.000246 seconds.
  path: Assets/Sprites/Plantas/vitoriaRegia/Idle/pixil-frame-8.png
  artifactKey: Guid(096277163baef67469aaf1ea8d2276dd) Importer(815301076,1909f56bfc062723c751e8b465ee728b)
Start importing Assets/Sprites/Plantas/vitoriaRegia/Idle/pixil-frame-8.png using Guid(096277163baef67469aaf1ea8d2276dd) Importer(815301076,1909f56bfc062723c751e8b465ee728b)  -> (artifact id: '251b0f8ebf8d025e258f72ccf87f76e6') in 0.008550 seconds 
  Import took 0.013427 seconds .

========================================================================
Received Import Request.
  Time since last request: 0.000234 seconds.
  path: Assets/Sprites/Plantas/vitoriaRegia/Idle/pixil-frame-3.png
  artifactKey: Guid(1147eb80ffcb49047a1144d0efb9cbe3) Importer(815301076,1909f56bfc062723c751e8b465ee728b)
Start importing Assets/Sprites/Plantas/vitoriaRegia/Idle/pixil-frame-3.png using Guid(1147eb80ffcb49047a1144d0efb9cbe3) Importer(815301076,1909f56bfc062723c751e8b465ee728b)  -> (artifact id: 'de736ff9f0620dcc7a488c55a6475971') in 0.008811 seconds 
  Import took 0.014136 seconds .

========================================================================
Received Import Request.
  Time since last request: 0.000207 seconds.
  path: Assets/Sprites/Plantas/vitoriaRegia/Idle/pixil-frame-1.png
  artifactKey: Guid(3e3f5424323c6ec429853c4108be7d6a) Importer(815301076,1909f56bfc062723c751e8b465ee728b)
Start importing Assets/Sprites/Plantas/vitoriaRegia/Idle/pixil-frame-1.png using Guid(3e3f5424323c6ec429853c4108be7d6a) Importer(815301076,1909f56bfc062723c751e8b465ee728b)  -> (artifact id: '085f042fdf129a6c1efdd95469d841c6') in 0.008928 seconds 
  Import took 0.014172 seconds .

========================================================================
Received Import Request.
  Time since last request: 0.000333 seconds.
  path: Assets/Sprites/Plantas/vitoriaRegia/Idle/pixil-frame-6.png
  artifactKey: Guid(7692535b4e8fb7243aa0574179f4fff3) Importer(815301076,1909f56bfc062723c751e8b465ee728b)
Start importing Assets/Sprites/Plantas/vitoriaRegia/Idle/pixil-frame-6.png using Guid(7692535b4e8fb7243aa0574179f4fff3) Importer(815301076,1909f56bfc062723c751e8b465ee728b)  -> (artifact id: 'b391fec918b5098f96cc898f5de77abf') in 0.008453 seconds 
  Import took 0.013697 seconds .

========================================================================
Received Import Request.
  Time since last request: 0.000260 seconds.
  path: Assets/Sprites/Plantas/vitoriaRegia/Idle/pixil-frame-4.png
  artifactKey: Guid(02bffc714edc69348ab7f4164e0089cc) Importer(815301076,1909f56bfc062723c751e8b465ee728b)
Start importing Assets/Sprites/Plantas/vitoriaRegia/Idle/pixil-frame-4.png using Guid(02bffc714edc69348ab7f4164e0089cc) Importer(815301076,1909f56bfc062723c751e8b465ee728b)  -> (artifact id: 'b2c601a85a1f5cf1932a71084dc9fd05') in 0.008729 seconds 
  Import took 0.014116 seconds .

========================================================================
Received Import Request.
  Time since last request: 0.000251 seconds.
  path: Assets/Sprites/Plantas/vitoriaRegia/Idle/pixil-frame-7.png
  artifactKey: Guid(3bfc4a8a3fd2aa54288050d5a188a2e6) Importer(815301076,1909f56bfc062723c751e8b465ee728b)
Start importing Assets/Sprites/Plantas/vitoriaRegia/Idle/pixil-frame-7.png using Guid(3bfc4a8a3fd2aa54288050d5a188a2e6) Importer(815301076,1909f56bfc062723c751e8b465ee728b)  -> (artifact id: '8a84a1909db030bcc5dc1f46d10f24a1') in 0.008212 seconds 
  Import took 0.013400 seconds .

========================================================================
Received Import Request.
  Time since last request: 0.000237 seconds.
  path: Assets/Sprites/Plantas/vitoriaRegia/Idle/pixil-frame-0.png
  artifactKey: Guid(246ca644620dee648905033d5de9e11b) Importer(815301076,1909f56bfc062723c751e8b465ee728b)
Start importing Assets/Sprites/Plantas/vitoriaRegia/Idle/pixil-frame-0.png using Guid(246ca644620dee648905033d5de9e11b) Importer(815301076,1909f56bfc062723c751e8b465ee728b)  -> (artifact id: '46b4964776f1ea80ed59c3dcc1cf75d1') in 0.008836 seconds 
  Import took 0.014098 seconds .

========================================================================
Received Import Request.
  Time since last request: 0.000207 seconds.
  path: Assets/Sprites/Plantas/vitoriaRegia/Idle/pixil-frame-2.png
  artifactKey: Guid(de2e6882a597ff94da49522d966f92c7) Importer(815301076,1909f56bfc062723c751e8b465ee728b)
Start importing Assets/Sprites/Plantas/vitoriaRegia/Idle/pixil-frame-2.png using Guid(de2e6882a597ff94da49522d966f92c7) Importer(815301076,1909f56bfc062723c751e8b465ee728b)  -> (artifact id: '333a75b97755b24fb98753ae7524d50a') in 0.012177 seconds 
  Import took 0.017360 seconds .

========================================================================
Received Import Request.
  Time since last request: 0.000246 seconds.
  path: Assets/Sprites/Plantas/vitoriaRegia/Idle/pixil-frame-10.png
  artifactKey: Guid(6e3d7e1794e0c0843aaec57f5354ba97) Importer(815301076,1909f56bfc062723c751e8b465ee728b)
Start importing Assets/Sprites/Plantas/vitoriaRegia/Idle/pixil-frame-10.png using Guid(6e3d7e1794e0c0843aaec57f5354ba97) Importer(815301076,1909f56bfc062723c751e8b465ee728b)  -> (artifact id: '032dd3dccede578484a5ae284370821e') in 0.008677 seconds 
  Import took 0.013913 seconds .

========================================================================
Received Import Request.
  Time since last request: 0.000249 seconds.
  path: Assets/Sprites/Plantas/vitoriaRegia/Idle/pixil-frame-5.png
  artifactKey: Guid(30bcd14d60ed2484198581b0b1d60e19) Importer(815301076,1909f56bfc062723c751e8b465ee728b)
Start importing Assets/Sprites/Plantas/vitoriaRegia/Idle/pixil-frame-5.png using Guid(30bcd14d60ed2484198581b0b1d60e19) Importer(815301076,1909f56bfc062723c751e8b465ee728b)  -> (artifact id: 'ea545ee4dc93d227d206cb356a198ef4') in 0.008826 seconds 
  Import took 0.014144 seconds .

========================================================================
Received Import Request.
  Time since last request: 2.546537 seconds.
  path: Assets/Plugins
  artifactKey: Guid(fae594663561a3f428cb9f9432ee5138) Importer(815301076,1909f56bfc062723c751e8b465ee728b)
Start importing Assets/Plugins using Guid(fae594663561a3f428cb9f9432ee5138) Importer(815301076,1909f56bfc062723c751e8b465ee728b)  -> (artifact id: '660fe8dfe9659bb9edafd39f8c56abd8') in 0.009647 seconds 
  Import took 0.014921 seconds .

========================================================================
Received Import Request.
  Time since last request: 1.610109 seconds.
  path: Assets/Prefabs/VitoriaRegia.prefab
  artifactKey: Guid(7e0e042c1ab6979458b26a73f59253bf) Importer(815301076,1909f56bfc062723c751e8b465ee728b)
Start importing Assets/Prefabs/VitoriaRegia.prefab using Guid(7e0e042c1ab6979458b26a73f59253bf) Importer(815301076,1909f56bfc062723c751e8b465ee728b)  -> (artifact id: 'f158a64c63fc2c1ace33c1b1a1467229') in 0.105975 seconds 
  Import took 0.111453 seconds .

AssetImportWorkerClient::OnTransportError - code=2 error=End of file
